0 info it worked if it ends with ok
1 verbose cli [ 'C:\\Program Files\\nodejs\\node.exe',
1 verbose cli   'C:\\Program Files\\nodejs\\node_modules\\npm\\bin\\npm-cli.js',
1 verbose cli   'install',
1 verbose cli   '@types/querystring',
1 verbose cli   '--save',
1 verbose cli   '--dev' ]
2 info using npm@3.10.10
3 info using node@v6.11.3
4 warn install Usage of the `--dev` option is deprecated. Use `--only=dev` instead.
5 silly loadCurrentTree Starting
6 silly install loadCurrentTree
7 silly install readLocalPackageData
8 silly fetchPackageMetaData @types/querystring
9 silly fetchNamedPackageData @types/querystring
10 silly mapToRegistry name @types/querystring
11 silly mapToRegistry scope (from package name) @types
12 verbose mapToRegistry no registry URL found in name for scope @types
13 silly mapToRegistry using default registry
14 silly mapToRegistry registry https://registry.npmjs.org/
15 silly mapToRegistry data Result {
15 silly mapToRegistry   raw: '@types/querystring',
15 silly mapToRegistry   scope: '@types',
15 silly mapToRegistry   escapedName: '@types%2fquerystring',
15 silly mapToRegistry   name: '@types/querystring',
15 silly mapToRegistry   rawSpec: '',
15 silly mapToRegistry   spec: 'latest',
15 silly mapToRegistry   type: 'tag' }
16 silly mapToRegistry uri https://registry.npmjs.org/@types%2fquerystring
17 verbose request uri https://registry.npmjs.org/@types%2fquerystring
18 verbose request no auth needed
19 info attempt registry request try #1 at 08:59:31
20 verbose request id 2e8739fd6c3a94f9
21 http request GET https://registry.npmjs.org/@types%2fquerystring
22 http 404 https://registry.npmjs.org/@types%2fquerystring
23 verbose headers { 'content-type': 'application/json',
23 verbose headers   'cache-control': 'max-age=0',
23 verbose headers   'content-length': '2',
23 verbose headers   'accept-ranges': 'bytes',
23 verbose headers   date: 'Wed, 11 Oct 2017 06:59:31 GMT',
23 verbose headers   via: '1.1 varnish',
23 verbose headers   age: '0',
23 verbose headers   connection: 'keep-alive',
23 verbose headers   'x-served-by': 'cache-bma7035-BMA',
23 verbose headers   'x-cache': 'MISS',
23 verbose headers   'x-cache-hits': '0',
23 verbose headers   'x-timer': 'S1507705171.027190,VS0,VE570',
23 verbose headers   vary: 'Accept-Encoding' }
24 silly get cb [ 404,
24 silly get   { 'content-type': 'application/json',
24 silly get     'cache-control': 'max-age=0',
24 silly get     'content-length': '2',
24 silly get     'accept-ranges': 'bytes',
24 silly get     date: 'Wed, 11 Oct 2017 06:59:31 GMT',
24 silly get     via: '1.1 varnish',
24 silly get     age: '0',
24 silly get     connection: 'keep-alive',
24 silly get     'x-served-by': 'cache-bma7035-BMA',
24 silly get     'x-cache': 'MISS',
24 silly get     'x-cache-hits': '0',
24 silly get     'x-timer': 'S1507705171.027190,VS0,VE570',
24 silly get     vary: 'Accept-Encoding' } ]
25 silly fetchPackageMetaData Error: Registry returned 404 for GET on https://registry.npmjs.org/@types%2fquerystring
25 silly fetchPackageMetaData     at makeError (C:\Program Files\nodejs\node_modules\npm\node_modules\npm-registry-client\lib\request.js:302:12)
25 silly fetchPackageMetaData     at CachingRegistryClient.<anonymous> (C:\Program Files\nodejs\node_modules\npm\node_modules\npm-registry-client\lib\request.js:280:14)
25 silly fetchPackageMetaData     at Request._callback (C:\Program Files\nodejs\node_modules\npm\node_modules\npm-registry-client\lib\request.js:210:14)
25 silly fetchPackageMetaData     at Request.self.callback (C:\Program Files\nodejs\node_modules\npm\node_modules\request\request.js:187:22)
25 silly fetchPackageMetaData     at emitTwo (events.js:106:13)
25 silly fetchPackageMetaData     at Request.emit (events.js:191:7)
25 silly fetchPackageMetaData     at Request.<anonymous> (C:\Program Files\nodejs\node_modules\npm\node_modules\request\request.js:1048:10)
25 silly fetchPackageMetaData     at emitOne (events.js:96:13)
25 silly fetchPackageMetaData     at Request.emit (events.js:188:7)
25 silly fetchPackageMetaData     at IncomingMessage.<anonymous> (C:\Program Files\nodejs\node_modules\npm\node_modules\request\request.js:969:12)
25 silly fetchPackageMetaData  error for @types/querystring { Error: Registry returned 404 for GET on https://registry.npmjs.org/@types%2fquerystring
25 silly fetchPackageMetaData     at makeError (C:\Program Files\nodejs\node_modules\npm\node_modules\npm-registry-client\lib\request.js:302:12)
25 silly fetchPackageMetaData     at CachingRegistryClient.<anonymous> (C:\Program Files\nodejs\node_modules\npm\node_modules\npm-registry-client\lib\request.js:280:14)
25 silly fetchPackageMetaData     at Request._callback (C:\Program Files\nodejs\node_modules\npm\node_modules\npm-registry-client\lib\request.js:210:14)
25 silly fetchPackageMetaData     at Request.self.callback (C:\Program Files\nodejs\node_modules\npm\node_modules\request\request.js:187:22)
25 silly fetchPackageMetaData     at emitTwo (events.js:106:13)
25 silly fetchPackageMetaData     at Request.emit (events.js:191:7)
25 silly fetchPackageMetaData     at Request.<anonymous> (C:\Program Files\nodejs\node_modules\npm\node_modules\request\request.js:1048:10)
25 silly fetchPackageMetaData     at emitOne (events.js:96:13)
25 silly fetchPackageMetaData     at Request.emit (events.js:188:7)
25 silly fetchPackageMetaData     at IncomingMessage.<anonymous> (C:\Program Files\nodejs\node_modules\npm\node_modules\request\request.js:969:12) pkgid: '@types/querystring', statusCode: 404, code: 'E404' }
26 silly rollbackFailedOptional Starting
27 silly rollbackFailedOptional Finishing
28 silly runTopLevelLifecycles Finishing
29 silly install printInstalled
30 verbose stack Error: Registry returned 404 for GET on https://registry.npmjs.org/@types%2fquerystring
30 verbose stack     at makeError (C:\Program Files\nodejs\node_modules\npm\node_modules\npm-registry-client\lib\request.js:302:12)
30 verbose stack     at CachingRegistryClient.<anonymous> (C:\Program Files\nodejs\node_modules\npm\node_modules\npm-registry-client\lib\request.js:280:14)
30 verbose stack     at Request._callback (C:\Program Files\nodejs\node_modules\npm\node_modules\npm-registry-client\lib\request.js:210:14)
30 verbose stack     at Request.self.callback (C:\Program Files\nodejs\node_modules\npm\node_modules\request\request.js:187:22)
30 verbose stack     at emitTwo (events.js:106:13)
30 verbose stack     at Request.emit (events.js:191:7)
30 verbose stack     at Request.<anonymous> (C:\Program Files\nodejs\node_modules\npm\node_modules\request\request.js:1048:10)
30 verbose stack     at emitOne (events.js:96:13)
30 verbose stack     at Request.emit (events.js:188:7)
30 verbose stack     at IncomingMessage.<anonymous> (C:\Program Files\nodejs\node_modules\npm\node_modules\request\request.js:969:12)
31 verbose statusCode 404
32 verbose pkgid @types/querystring
33 verbose cwd D:\OneDrive - IT Center Nord\Git Reposeitory\Quote api facebook oauth
34 error Windows_NT 10.0.15063
35 error argv "C:\\Program Files\\nodejs\\node.exe" "C:\\Program Files\\nodejs\\node_modules\\npm\\bin\\npm-cli.js" "install" "@types/querystring" "--save" "--dev"
36 error node v6.11.3
37 error npm  v3.10.10
38 error code E404
39 error 404 Registry returned 404 for GET on https://registry.npmjs.org/@types%2fquerystring
40 error 404
41 error 404 '@types/querystring' is not in the npm registry.
42 error 404 You should bug the author to publish it (or use the name yourself!)
43 error 404 Note that you can also install from a
44 error 404 tarball, folder, http url, or git url.
45 verbose exit [ 1, true ]
